<?xml version="1.0" encoding="UTF-8"?>
<!-- Generated by org.testng.reporters.JUnitReportReporter -->
<testsuite hostname="Anujs-MacBook-Pro.local" failures="0" tests="5" name="com.browserstack.SingleTest" time="344.664" errors="0" timestamp="2022-09-15T19:44:25 IST" skipped="0">
  <testcase classname="com.browserstack.SingleTest" name="test" time="86.498"/>
  <system-out/>
  <testcase classname="com.browserstack.SingleTest" name="test" time="103.416"/>
  <system-out/>
  <testcase classname="com.browserstack.SingleTest" name="test" time="50.680"/>
  <system-out/>
  <testcase classname="com.browserstack.SingleTest" name="test" time="47.775"/>
  <system-out/>
  <testcase classname="com.browserstack.SingleTest" name="test" time="56.295"/>
  <system-out/>
</testsuite> <!-- com.browserstack.SingleTest -->
